<?xml version="1.0" encoding="UTF-8"?>
<testng-results ignored="0" total="1" passed="1" failed="0" skipped="0">
  <reporter-output>
  </reporter-output>
  <suite started-at="2023-11-08T11:14:36 IST" name="Default suite" finished-at="2023-11-08T11:14:47 IST" duration-ms="10658">
    <groups>
    </groups>
    <test started-at="2023-11-08T11:14:36 IST" name="Default test" finished-at="2023-11-08T11:14:47 IST" duration-ms="10658">
      <class name="Extranet.Login">
        <test-method signature="Login()[pri:0, instance:Extranet.Login@4879f0f2]" started-at="2023-11-08T11:14:36 IST" name="Login" finished-at="2023-11-08T11:14:47 IST" duration-ms="10576" status="PASS">
          <reporter-output>
          </reporter-output>
        </test-method> <!-- Login -->
      </class> <!-- Extranet.Login -->
    </test> <!-- Default test -->
  </suite> <!-- Default suite -->
</testng-results>
